gumbel thresh:  0.505
Classifier learning rate:  0.001
Transformer learning rate:  0.0001
Sparse coding learning rate:  0.0001
Alpha, lam1, lam2  0.1 2 1
mode: dy+bi+cl sampling:  Multi  model path: ./models/crossView_NUCLA/Multi/dy+bi+cl/cl_finetune_exp2_reproduce/ gpu: 3
start training epoch: 0
epoch: 0 |loss: 0.6294165908184368 |cls: 0.3097273785388097 |mse: 0.008420489572017686 |bi: 0.015413454464578535 |acc: 0.9480646741793238
training time(mins): 11.290988381703695
testing epoch: 0 Acc:0.9353
start training epoch: 1
epoch: 1 |loss: 0.34356129357911414 |cls: 0.16680310783885943 |mse: 0.00841355518605269 |bi: 0.015415213518281234 |acc: 0.9554140127388535
training time(mins): 11.740385890007019
start training epoch: 2
epoch: 2 |loss: 0.30579373087675776 |cls: 0.14789325584706603 |mse: 0.008463504476821981 |bi: 0.015437148260389222 |acc: 0.9598236158745713
training time(mins): 12.057001610596975
start training epoch: 3
epoch: 3 |loss: 0.28253865351871355 |cls: 0.13628198868354957 |mse: 0.008432288750555017 |bi: 0.015423864562762901 |acc: 0.965703086722195
training time(mins): 11.759383050600688
start training epoch: 4
epoch: 4 |loss: 0.265607636571076 |cls: 0.12783398271403712 |mse: 0.008399401849601418 |bi: 0.015402688051835867 |acc: 0.9608035276825085
training time(mins): 11.770885304609935
start training epoch: 5
epoch: 5 |loss: 0.24396699147473555 |cls: 0.11699374855197675 |mse: 0.008436693065959844 |bi: 0.015428011993208202 |acc: 0.9706026457618814
training time(mins): 11.611620879173278
testing epoch: 5 Acc:0.9418
start training epoch: 6
epoch: 6 |loss: 0.22402178838819964 |cls: 0.10704323589561682 |mse: 0.00839522571550333 |bi: 0.015400906278955517 |acc: 0.9701126898579128
training time(mins): 12.163908604780833
start training epoch: 7
epoch: 7 |loss: 0.2413802684895927 |cls: 0.1157144277065072 |mse: 0.008410709088821022 |bi: 0.015407055278046755 |acc: 0.9612934835864773
training time(mins): 11.753366839885711
start training epoch: 8
epoch: 8 |loss: 0.22421982349987957 |cls: 0.10711582887597615 |mse: 0.00844496732315747 |bi: 0.015431984891620232 |acc: 0.965703086722195
training time(mins): 12.495931569735209
start training epoch: 9
epoch: 9 |loss: 0.2316037441341905 |cls: 0.11081439342342492 |mse: 0.00843279157197685 |bi: 0.015421673429955263 |acc: 0.9686428221460068
training time(mins): 11.736000096797943
start training epoch: 10
epoch: 10 |loss: 0.23271205474520684 |cls: 0.11137152606170275 |mse: 0.008426997912465595 |bi: 0.015420043240737868 |acc: 0.9671729544341009
training time(mins): 11.659647782643637
testing epoch: 10 Acc:0.9612
start training epoch: 11
epoch: 11 |loss: 0.2385480863704288 |cls: 0.11430302123744696 |mse: 0.008399958096561022 |bi: 0.015420862142491387 |acc: 0.965703086722195
training time(mins): 11.63082316716512
start training epoch: 12
