gumbel thresh:  0.51
Classifier learning rate:  0.001
Transformer learning rate:  0.0001
Sparse coding learning rate:  0.0001
Alpha, lam1, lam2  0.1 2 1
mode: dy+bi+cl sampling:  Multi  model path: ./models/crossView_NUCLA/Multi/dy+bi+cl/cl_finetune_exp2/ gpu: 0
start training epoch: 0
epoch: 0 |loss: 4.456932237371802 |cls: 2.207237988244742 |mse: 0.04146509652491659 |bi: 0.00991166966923629 |acc: 0.233219010289074
training time(mins): 10.181679463386535
testing epoch: 0 Acc:0.1552
start training epoch: 1
epoch: 1 |loss: 4.112189316190779 |cls: 2.0348850283771753 |mse: 0.04142767617304344 |bi: 0.009915779119182844 |acc: 0.32092111709946103
training time(mins): 10.568848367532095
start training epoch: 2
epoch: 2 |loss: 3.9117567921057343 |cls: 1.9346303972415626 |mse: 0.0415042820823146 |bi: 0.009917204566590954 |acc: 0.3557079862812347
training time(mins): 10.365641101201374
start training epoch: 3
epoch: 3 |loss: 3.7773419357836246 |cls: 1.8674219623208046 |mse: 0.041507288347929716 |bi: 0.009907203839247813 |acc: 0.3939245467907888
training time(mins): 10.564215870698293
start training epoch: 4
epoch: 4 |loss: 3.6708019599318504 |cls: 1.8141967728734016 |mse: 0.04141809383145301 |bi: 0.009903041336656315 |acc: 0.40911317981381673
training time(mins): 10.811461702982585
start training epoch: 5
epoch: 5 |loss: 3.6198002975434065 |cls: 1.7886600689962506 |mse: 0.0414885243808385 |bi: 0.00991635536774993 |acc: 0.39049485546300833
training time(mins): 10.73126699924469
testing epoch: 5 Acc:0.1810
start training epoch: 6
epoch: 6 |loss: 3.555057910270989 |cls: 1.756326534319669 |mse: 0.04141426044225227 |bi: 0.009905922492180252 |acc: 0.4149926506614405
training time(mins): 10.953340280056
start training epoch: 7
epoch: 7 |loss: 3.496087748557329 |cls: 1.7268133335746825 |mse: 0.04147004830883816 |bi: 0.009910312499414431 |acc: 0.4174424301812837
training time(mins): 10.751044241587321
start training epoch: 8
epoch: 8 |loss: 3.4750098632648587 |cls: 1.7162602618336678 |mse: 0.04149835246789735 |bi: 0.009909827233059332 |acc: 0.4071533561979422
training time(mins): 12.519698055585225
start training epoch: 9
epoch: 9 |loss: 3.4204441998153925 |cls: 1.6890152120031416 |mse: 0.04142365105508361 |bi: 0.009901251982228132 |acc: 0.43067123958843706
training time(mins): 12.011822358767192
start training epoch: 10
epoch: 10 |loss: 3.3950471142306924 |cls: 1.6762774134986103 |mse: 0.0415016012993874 |bi: 0.009906809624226298 |acc: 0.4277315041646252
training time(mins): 12.032837609450022
testing epoch: 10 Acc:0.2026
start training epoch: 11
epoch: 11 |loss: 3.358268971554935 |cls: 1.6579071697779 |mse: 0.04146300828142557 |bi: 0.009916135459206998 |acc: 0.44194022537971583
training time(mins): 11.935819399356841
start training epoch: 12
epoch: 12 |loss: 3.330094190314412 |cls: 1.643825950101018 |mse: 0.04145132152189035 |bi: 0.009909766577038681 |acc: 0.44243018128368444
training time(mins): 12.053656113147735
start training epoch: 13
epoch: 13 |loss: 3.3344743391498923 |cls: 1.6460290462709963 |mse: 0.04142535820574267 |bi: 0.009908811232890002 |acc: 0.4272415482606565
training time(mins): 12.062862539291382
start training epoch: 14
epoch: 14 |loss: 3.294584872201085 |cls: 1.626040501985699 |mse: 0.0415121076075593 |bi: 0.009917697367200162 |acc: 0.44145026947574717
training time(mins): 12.132286024093627
start training epoch: 15
epoch: 15 |loss: 3.277812934946269 |cls: 1.6176622663624585 |mse: 0.04149671249615494 |bi: 0.009916946732118959 |acc: 0.4483096521313082
training time(mins): 12.201550368467966
testing epoch: 15 Acc:0.1789
start training epoch: 16
epoch: 16 |loss: 3.2509708274155855 |cls: 1.6042633457109332 |mse: 0.04145390026678797 |bi: 0.009902343783323886 |acc: 0.4556589906908378
training time(mins): 12.235225200653076
start training epoch: 17
epoch: 17 |loss: 3.2259102393873036 |cls: 1.5917153684422374 |mse: 0.041488688832032494 |bi: 0.009908174361044075 |acc: 0.4497795198432141
training time(mins): 12.424710671106974
start training epoch: 18
epoch: 18 |loss: 3.2064912440255284 |cls: 1.5820171744562685 |mse: 0.04146639471582603 |bi: 0.009905171897116816 |acc: 0.45271925526702594
training time(mins): 12.184211866060894
start training epoch: 19
epoch: 19 |loss: 3.1961126301903278 |cls: 1.5768313203006983 |mse: 0.04145899883587845 |bi: 0.009909880289342254 |acc: 0.4556589906908378
training time(mins): 11.976931492487589
start training epoch: 20
