gumbel thresh:  0.505
Classifier learning rate:  0.001
Transformer learning rate:  0.0001
Sparse coding learning rate:  0.0001
Alpha, lam1, lam2  0.1 2 1
mode: dy+bi+cl sampling:  Multi  model path: ./models/crossView_NUCLA/Multi/dy+bi+cl/cl_finetune_exp2/ gpu: 1
start training epoch: 0
epoch: 0 |loss: 4.443154218606651 |cls: 2.200270739849657 |mse: 0.04137019792688079 |bi: 0.012425203589373268 |acc: 0.2253797158255757
training time(mins): 10.574317288398742
testing epoch: 0 Acc:0.1444
start training epoch: 1
epoch: 1 |loss: 4.079186788760126 |cls: 2.0183080551214516 |mse: 0.041327361643197946 |bi: 0.012433028190571349 |acc: 0.3106320431161195
training time(mins): 10.66998666524887
start training epoch: 2
epoch: 2 |loss: 3.891331462189555 |cls: 1.9243385060690343 |mse: 0.04141021045506932 |bi: 0.01244252843389404 |acc: 0.34590886820186184
training time(mins): 10.625067448616027
start training epoch: 3
epoch: 3 |loss: 3.7505602901801467 |cls: 1.853957487270236 |mse: 0.04140307453053538 |bi: 0.012422474021150265 |acc: 0.39490445859872614
training time(mins): 10.547038845221202
start training epoch: 4
epoch: 4 |loss: 3.6484649758785963 |cls: 1.802948051597923 |mse: 0.041326858270622324 |bi: 0.012420085680787452 |acc: 0.39735423811856935
training time(mins): 10.710820134480795
start training epoch: 5
epoch: 5 |loss: 3.591774213127792 |cls: 1.7745726252906024 |mse: 0.041385451855603606 |bi: 0.012434976757504046 |acc: 0.404703576678099
training time(mins): 11.962964610258739
testing epoch: 5 Acc:0.1659
start training epoch: 6
epoch: 6 |loss: 3.518205711618066 |cls: 1.7378225782886147 |mse: 0.041318809395306744 |bi: 0.012417523001204245 |acc: 0.42283194512493877
training time(mins): 12.180897804101308
start training epoch: 7
epoch: 7 |loss: 3.474580677226186 |cls: 1.7159864366985857 |mse: 0.04136548103997484 |bi: 0.01242314124465338 |acc: 0.42969132778049973
training time(mins): 11.810433574517567
start training epoch: 8
epoch: 8 |loss: 3.445083840750158 |cls: 1.7012243727222085 |mse: 0.04139252893219236 |bi: 0.01242577981975046 |acc: 0.4277315041646252
training time(mins): 12.125206152598063
start training epoch: 9
epoch: 9 |loss: 3.383406290784478 |cls: 1.6704174759797752 |mse: 0.04132883905549534 |bi: 0.012425074666680302 |acc: 0.44194022537971583
training time(mins): 11.818988251686097
start training epoch: 10
epoch: 10 |loss: 3.342592437751591 |cls: 1.6499739969149232 |mse: 0.04140204358554911 |bi: 0.012423952521203319 |acc: 0.44243018128368444
training time(mins): 11.652820154031117
testing epoch: 10 Acc:0.1573
start training epoch: 11
epoch: 11 |loss: 3.3038065442815423 |cls: 1.6305972214322537 |mse: 0.0413690025015967 |bi: 0.012431072020262945 |acc: 0.4585987261146497
training time(mins): 11.673360884189606
start training epoch: 12
epoch: 12 |loss: 3.273469445295632 |cls: 1.6154388044960797 |mse: 0.041349345265189186 |bi: 0.012424976102920482 |acc: 0.4723174914257717
training time(mins): 11.575558527310688
start training epoch: 13
epoch: 13 |loss: 3.2764002392068505 |cls: 1.6169128825422376 |mse: 0.04133205702964915 |bi: 0.012424187571014045 |acc: 0.45173934345908867
training time(mins): 11.659950669606527
start training epoch: 14
epoch: 14 |loss: 3.219294996932149 |cls: 1.5883163802791387 |mse: 0.04141859016090166 |bi: 0.012436303612048505 |acc: 0.47280744732974034
training time(mins): 11.571679512659708
start training epoch: 15
epoch: 15 |loss: 3.2232211446389556 |cls: 1.5902901664376259 |mse: 0.04139718439546414 |bi: 0.012436227800208144 |acc: 0.46496815286624205
training time(mins): 11.739968518416086
testing epoch: 15 Acc:0.1983
start training epoch: 16
epoch: 16 |loss: 3.1885119834914804 |cls: 1.5729591199196875 |mse: 0.041352330590598285 |bi: 0.012414202068612212 |acc: 0.46251837334639884
training time(mins): 11.939416388670603
start training epoch: 17
