gumbel thresh:  0.505
Classifier learning rate:  0.001
Transformer learning rate:  0.0001
Sparse coding learning rate:  0.0001
Alpha, lam1, lam2  0.1 2 1
mode: dy+bi+cl sampling:  Multi  model path: ./models/crossView_NUCLA/Multi/dy+bi+cl/cl_pretrain_exp2/ gpu: 2
start training epoch: 0
epoch: 0 |loss: 3.884514818433672 |cls: 1.9323179051280022 |mse: 0.018604565932037076 |bi: 0.012744557705445914 |acc: 0.3057324840764331
training time(mins): 11.755225650469463
testing epoch: 0 Acc:0.2737
start training epoch: 1
epoch: 1 |loss: 2.78094505565241 |cls: 1.3824063197243959 |mse: 0.014852224387141177 |bi: 0.012801870092516765 |acc: 0.4742773150416463
training time(mins): 12.051739998658498
start training epoch: 2
epoch: 2 |loss: 2.5268827117979527 |cls: 1.2554614408873022 |mse: 0.014672050932858838 |bi: 0.012877803914307151 |acc: 0.5306222439980401
training time(mins): 11.98640331029892
start training epoch: 3
epoch: 3 |loss: 2.288641902850941 |cls: 1.1361884688958526 |mse: 0.014956312264985172 |bi: 0.01308654413514887 |acc: 0.554140127388535
training time(mins): 11.882388170560201
start training epoch: 4
epoch: 4 |loss: 2.111036602873355 |cls: 1.0478039742447436 |mse: 0.014124310906481696 |bi: 0.013043455586739583 |acc: 0.6148946594806467
training time(mins): 12.120455888907115
start training epoch: 5
epoch: 5 |loss: 2.090960911475122 |cls: 1.0381350701209158 |mse: 0.01338554618814669 |bi: 0.013052356847765623 |acc: 0.6202841744243018
training time(mins): 12.22642328341802
testing epoch: 5 Acc:0.3772
start training epoch: 6
epoch: 6 |loss: 1.838614544365555 |cls: 0.9119688417413272 |mse: 0.013370851045692689 |bi: 0.013060037450486561 |acc: 0.6746692797648212
training time(mins): 12.159335029125213
start training epoch: 7
epoch: 7 |loss: 1.6766921216621995 |cls: 0.8310850884881802 |mse: 0.013227130939412746 |bi: 0.01294805115685449 |acc: 0.7006369426751592
training time(mins): 12.080718958377838
start training epoch: 8
epoch: 8 |loss: 1.6409067104104906 |cls: 0.8132389974198304 |mse: 0.013117595553922001 |bi: 0.013111185617162846 |acc: 0.7094561489465948
training time(mins): 12.426274077097576
start training epoch: 9
epoch: 9 |loss: 1.6046874669846147 |cls: 0.795245475077536 |mse: 0.012900223311589798 |bi: 0.012962949818756897 |acc: 0.705046545810877
training time(mins): 11.997746892770131
start training epoch: 10
epoch: 10 |loss: 1.4912797386059538 |cls: 0.7387540147465188 |mse: 0.012485190454754047 |bi: 0.012865141950896941 |acc: 0.72562469377756
training time(mins): 12.008461980024974
testing epoch: 10 Acc:0.5043
start training epoch: 11
epoch: 11 |loss: 1.3355352936778218 |cls: 0.6610537526139524 |mse: 0.012149513142503565 |bi: 0.012782717927620979 |acc: 0.7506124448799608
training time(mins): 12.034710307916006
start training epoch: 12
