gumbel thresh:  0.505
Classifier learning rate:  0.001
Transformer learning rate:  0.0001
Sparse coding learning rate:  0.0001
Alpha, lam1, lam2  0.1 2 1
mode: dy+bi+cl sampling:  Multi  model path: ./models/crossView_NUCLA/Multi/dy+bi+cl/T36_contrastive_sparse_fixed/ gpu: 4
start training epoch: 0
epoch: 0 |loss: 0.42107773723614494 |cls: 0.20550296532959617 |mse: 0.008523745857157379 |bi: 0.015480602274469117 |acc: 0.9559039686428221
training time(mins): 11.836936934789021
testing epoch: 0 Acc:0.9289
start training epoch: 1
epoch: 1 |loss: 0.32502190492045113 |cls: 0.15749193152803545 |mse: 0.008490847412780014 |bi: 0.015471937815653302 |acc: 0.9559039686428221
training time(mins): 12.0638871828715
start training epoch: 2
epoch: 2 |loss: 0.3377180407041607 |cls: 0.16379874375000683 |mse: 0.008568882168820726 |bi: 0.01551670547879753 |acc: 0.9524742773150416
training time(mins): 12.113617436091106
start training epoch: 3
epoch: 3 |loss: 0.48787730875593877 |cls: 0.23891266670802402 |mse: 0.008503763704990957 |bi: 0.015482168590203363 |acc: 0.9338559529642332
training time(mins): 12.216994814078014
start training epoch: 4
epoch: 4 |loss: 0.21662866488665516 |cls: 0.10330115319930877 |mse: 0.008479717980024585 |bi: 0.015466413678525135 |acc: 0.9637432631063204
training time(mins): 12.047923747698466
start training epoch: 5
epoch: 5 |loss: 0.30081775701708263 |cls: 0.14536345949224933 |mse: 0.008540151482829226 |bi: 0.015506852919246718 |acc: 0.9524742773150416
training time(mins): 11.85636743704478
testing epoch: 5 Acc:0.8060
start training epoch: 6
epoch: 6 |loss: 0.28446934118932277 |cls: 0.13722639562928374 |mse: 0.008470310643042999 |bi: 0.015462395511785446 |acc: 0.953454189122979
training time(mins): 12.162873919804891
start training epoch: 7
epoch: 7 |loss: 0.2253674107129898 |cls: 0.10767629265830149 |mse: 0.008468829061324049 |bi: 0.015459966388318622 |acc: 0.9681528662420382
training time(mins): 11.810694015026092
start training epoch: 8
epoch: 8 |loss: 0.1800033074057503 |cls: 0.08496305661031579 |mse: 0.008526663295924664 |bi: 0.015505309238463466 |acc: 0.9720725134737873
training time(mins): 11.817719769477844
start training epoch: 9
epoch: 9 |loss: 0.24126377478459773 |cls: 0.1155962451706281 |mse: 0.008520391442927351 |bi: 0.015508941461860437 |acc: 0.9706026457618814
training time(mins): 12.643014272054037
start training epoch: 10
epoch: 10 |loss: 0.3399186714917247 |cls: 0.1649330686706347 |mse: 0.008502888389759593 |bi: 0.015496478328884344 |acc: 0.9549240568348849
training time(mins): 12.27704799969991
testing epoch: 10 Acc:0.8491
start training epoch: 11
epoch: 11 |loss: 0.4073343122846376 |cls: 0.1986550714899595 |mse: 0.008478137430304672 |bi: 0.015460306936493742 |acc: 0.9338559529642332
training time(mins): 11.851024790604908
start training epoch: 12
epoch: 12 |loss: 0.3638142398313472 |cls: 0.17686774461783403 |mse: 0.008528504003253248 |bi: 0.015502426059840367 |acc: 0.9421852033317002
training time(mins): 11.931524773438772
start training epoch: 13
epoch: 13 |loss: 0.37790046570201713 |cls: 0.18393718242394733 |mse: 0.00848062549941024 |bi: 0.015454775305214332 |acc: 0.9544341009309162
training time(mins): 11.851563076178232
start training epoch: 14
epoch: 14 |loss: 0.3519437794426554 |cls: 0.17094069697801567 |mse: 0.00851132756382314 |bi: 0.015510583650429694 |acc: 0.945124938755512
training time(mins): 12.225567050774892
start training epoch: 15
epoch: 15 |loss: 0.39301910499187065 |cls: 0.19145414684980847 |mse: 0.008561535515109001 |bi: 0.015492755222564552 |acc: 0.9421852033317002
training time(mins): 12.292026666800181
testing epoch: 15 Acc:0.7737
start training epoch: 16
epoch: 16 |loss: 0.2450175853827369 |cls: 0.11749449003200531 |mse: 0.008482800104943981 |bi: 0.015458059518962924 |acc: 0.9691327780499756
training time(mins): 12.236358201503753
start training epoch: 17
epoch: 17 |loss: 0.1810439779417731 |cls: 0.08548594672353366 |mse: 0.008521237797294443 |bi: 0.015508457168675306 |acc: 0.9759921607055365
training time(mins): 11.96041744152705
start training epoch: 18
epoch: 18 |loss: 0.31679266908516485 |cls: 0.1533701554599779 |mse: 0.008505915016567672 |bi: 0.015464453832709302 |acc: 0.9539441450269476
training time(mins): 11.923778525988261
start training epoch: 19
epoch: 19 |loss: 0.16212362777006034 |cls: 0.07604913112716967 |mse: 0.008477605955555426 |bi: 0.015477598072928294 |acc: 0.9706026457618814
training time(mins): 12.066364860534668
start training epoch: 20
epoch: 20 |loss: 0.17477367168063657 |cls: 0.08235978022097251 |mse: 0.008505042547044175 |bi: 0.015490689336687152 |acc: 0.9769720725134737
training time(mins): 12.169635534286499
testing epoch: 20 Acc:0.8470
start training epoch: 21
epoch: 21 |loss: 0.20581245459942965 |cls: 0.09788718181512487 |mse: 0.008491705830769929 |bi: 0.015463863586603899 |acc: 0.9710926016658501
training time(mins): 11.931341489156088
start training epoch: 22
epoch: 22 |loss: 0.11072921224635596 |cls: 0.05034013109222771 |mse: 0.008500664998717301 |bi: 0.015482849681107273 |acc: 0.9838314551690348
training time(mins): 12.148238762219746
start training epoch: 23
epoch: 23 |loss: 0.2669747231244954 |cls: 0.12846039808954368 |mse: 0.008505278844277413 |bi: 0.015486504648381855 |acc: 0.9691327780499756
training time(mins): 12.083709506193797
start training epoch: 24
epoch: 24 |loss: 0.33890505535364673 |cls: 0.16444473416743288 |mse: 0.008468662730380022 |bi: 0.015469258988809865 |acc: 0.9514943655071043
training time(mins): 12.069904470443726
start training epoch: 25
epoch: 25 |loss: 0.1818769569699353 |cls: 0.08592201635610497 |mse: 0.008485883477073141 |bi: 0.015470409172189515 |acc: 0.972562469377756
training time(mins): 11.89579473733902
testing epoch: 25 Acc:0.7608
start training epoch: 26
epoch: 26 |loss: 0.20315360557832565 |cls: 0.09656541449615558 |mse: 0.008477010681125068 |bi: 0.015457635631033202 |acc: 0.9764821166095051
training time(mins): 12.019072500864665
start training epoch: 27
epoch: 27 |loss: 0.2200962273371324 |cls: 0.10503146473872503 |mse: 0.008484184641216756 |bi: 0.015491143364611774 |acc: 0.9720725134737873
training time(mins): 12.486677551269532
start training epoch: 28
epoch: 28 |loss: 0.2655727229032077 |cls: 0.12776860911913124 |mse: 0.008487671191602597 |bi: 0.015478332064043709 |acc: 0.9608035276825085
training time(mins): 11.993244675795237
start training epoch: 29
epoch: 29 |loss: 0.26185126317806584 |cls: 0.1258988403493936 |mse: 0.008504367523352829 |bi: 0.015492164992798142 |acc: 0.9622733953944145
training time(mins): 12.279375954469044
start training epoch: 30
epoch: 30 |loss: 0.22545136795079673 |cls: 0.10769675614961426 |mse: 0.008508951838907094 |bi: 0.015489039686644635 |acc: 0.9769720725134737
training time(mins): 12.25044465859731
testing epoch: 30 Acc:0.7759
start training epoch: 31
epoch: 31 |loss: 0.24957224309488 |cls: 0.11976189828343003 |mse: 0.008498886344159207 |bi: 0.015495608097802826 |acc: 0.965703086722195
training time(mins): 12.088282485802969
start training epoch: 32
epoch: 32 |loss: 0.1425667140654653 |cls: 0.06625779033982336 |mse: 0.00850318621691556 |bi: 0.01547946718287224 |acc: 0.9799118079372856
training time(mins): 12.054919878641764
start training epoch: 33
epoch: 33 |loss: 0.21735227877023625 |cls: 0.10364359076991296 |mse: 0.008516567102932965 |bi: 0.015485301472203077 |acc: 0.9779519843214111
training time(mins): 11.88335389693578
start training epoch: 34
epoch: 34 |loss: 0.3787678423560938 |cls: 0.18435430121628502 |mse: 0.008510555216922747 |bi: 0.015486830072096216 |acc: 0.9514943655071043
training time(mins): 11.952258030573526
start training epoch: 35
epoch: 35 |loss: 0.15082971460311212 |cls: 0.0703964206891826 |mse: 0.008487910214724422 |bi: 0.0154896299436427 |acc: 0.9818716315531603
training time(mins): 12.18651224374771
testing epoch: 35 Acc:0.7823
start training epoch: 36
epoch: 36 |loss: 0.2316659129556944 |cls: 0.11082127764929979 |mse: 0.008475969515588374 |bi: 0.015473882537008378 |acc: 0.9661930426261637
training time(mins): 12.312613479296367
start training epoch: 37
epoch: 37 |loss: 0.16498684491526489 |cls: 0.07744242042716326 |mse: 0.008550450687803197 |bi: 0.015515532567879261 |acc: 0.9745222929936306
training time(mins): 11.969709531466167
start training epoch: 38
epoch: 38 |loss: 0.17441791194703496 |cls: 0.08215999950781432 |mse: 0.008548486261623122 |bi: 0.015494268638087295 |acc: 0.9764821166095051
training time(mins): 12.096357977390289
start training epoch: 39
epoch: 39 |loss: 0.18690927986774528 |cls: 0.08843615787935699 |mse: 0.008488351966619317 |bi: 0.015486111221780554 |acc: 0.9799118079372856
training time(mins): 12.222090888023377
start training epoch: 40
epoch: 40 |loss: 0.21178056642805276 |cls: 0.10087767668505478 |mse: 0.008478470176610856 |bi: 0.015467450376708953 |acc: 0.972562469377756
training time(mins): 11.989051922162373
testing epoch: 40 Acc:0.7909
start training epoch: 41
epoch: 41 |loss: 0.2476617551207194 |cls: 0.11878995818772888 |mse: 0.008530912005849052 |bi: 0.015509274488652658 |acc: 0.9666829985301323
training time(mins): 11.958358812332154
start training epoch: 42
epoch: 42 |loss: 0.2242071229408969 |cls: 0.10709551145997966 |mse: 0.008471599867164392 |bi: 0.015445021188093556 |acc: 0.9730524252817246
training time(mins): 11.914020411173503
start training epoch: 43
epoch: 43 |loss: 0.19825400732326925 |cls: 0.09407562381510993 |mse: 0.008550309224805812 |bi: 0.015524499744656141 |acc: 0.9671729544341009
training time(mins): 11.793485116958617
start training epoch: 44
epoch: 44 |loss: 0.1825396952311895 |cls: 0.08625972097099974 |mse: 0.008473098320254719 |bi: 0.015471544242001067 |acc: 0.9759921607055365
training time(mins): 11.511953659852345
start training epoch: 45
epoch: 45 |loss: 0.2843168765001478 |cls: 0.13713008258653442 |mse: 0.008507510935833231 |bi: 0.015492051458585333 |acc: 0.9647231749142577
training time(mins): 11.869401546319326
testing epoch: 45 Acc:0.7694
start training epoch: 46
epoch: 46 |loss: 0.1678439621971539 |cls: 0.07885742903173402 |mse: 0.00857791456813265 |bi: 0.015511923001218609 |acc: 0.9804017638412543
training time(mins): 12.065534726778667
start training epoch: 47
epoch: 47 |loss: 0.12739240316053232 |cls: 0.05867346012757203 |mse: 0.00849732705419175 |bi: 0.015481540530222899 |acc: 0.9857912787849094
training time(mins): 11.928550040721893
start training epoch: 48
epoch: 48 |loss: 0.15141886597423002 |cls: 0.0706787315516495 |mse: 0.008512193141014953 |bi: 0.015492096886430917 |acc: 0.9853013228809407
training time(mins): 11.650805107752483
start training epoch: 49
epoch: 49 |loss: 0.2138842465138139 |cls: 0.10193116981333615 |mse: 0.008475371560201658 |bi: 0.015465354247356367 |acc: 0.9715825575698187
training time(mins): 12.340825255711874
start training epoch: 50
epoch: 50 |loss: 0.10291344803698056 |cls: 0.04644344457713152 |mse: 0.008478770743271238 |bi: 0.015477893176918838 |acc: 0.9897109260166586
training time(mins): 11.79677730401357
testing epoch: 50 Acc:0.7759
start training epoch: 51
epoch: 51 |loss: 0.06136378956882403 |cls: 0.02564746974033034 |mse: 0.008520002926193308 |bi: 0.01548847215718519 |acc: 0.993140617344439
training time(mins): 11.76462230682373
start training epoch: 52
epoch: 52 |loss: 0.0546844809354223 |cls: 0.02233438614522868 |mse: 0.00847010767326979 |bi: 0.01545600873576096 |acc: 0.994610485056345
training time(mins): 12.0568377494812
start training epoch: 53
epoch: 53 |loss: 0.059352300173401484 |cls: 0.02463970482801271 |mse: 0.00852200184398663 |bi: 0.015508888518078285 |acc: 0.9936305732484076
training time(mins): 11.759683501720428
start training epoch: 54
epoch: 54 |loss: 0.04020786521771149 |cls: 0.015073406991374553 |mse: 0.008512710891010468 |bi: 0.015483402037088983 |acc: 0.9965703086722195
training time(mins): 12.0640398979187
start training epoch: 55
epoch: 55 |loss: 0.0634320593760376 |cls: 0.026638385420733223 |mse: 0.008602399008664472 |bi: 0.01552888877384844 |acc: 0.994610485056345
training time(mins): 11.828849864006042
testing epoch: 55 Acc:0.7651
start training epoch: 56
epoch: 56 |loss: 0.041468654851815855 |cls: 0.015693923155206995 |mse: 0.008530122690904907 |bi: 0.015506860516878248 |acc: 0.9960803527682509
training time(mins): 12.137257031599681
start training epoch: 57
epoch: 57 |loss: 0.03242031824693345 |cls: 0.011189449692620012 |mse: 0.008493492175547178 |bi: 0.015479270385153461 |acc: 0.9985301322880941
training time(mins): 11.82662897904714
start training epoch: 58
epoch: 58 |loss: 0.04365118076120727 |cls: 0.016787088260629687 |mse: 0.008527947527122253 |bi: 0.015490568259306121 |acc: 0.9955903968642822
training time(mins): 11.809027254581451
start training epoch: 59
epoch: 59 |loss: 0.03696218229372773 |cls: 0.013469636194543333 |mse: 0.008475742395422613 |bi: 0.015471672917013629 |acc: 0.9980401763841255
training time(mins): 12.077186262607574
start training epoch: 60
epoch: 60 |loss: 0.03292538746320016 |cls: 0.01144771112105222 |mse: 0.008482486409903095 |bi: 0.015474790603750281 |acc: 0.9975502204801567
training time(mins): 12.043330585956573
testing epoch: 60 Acc:0.7888
start training epoch: 61
epoch: 61 |loss: 0.04958983493304392 |cls: 0.019761422309566328 |mse: 0.008515423822777661 |bi: 0.015515668753382058 |acc: 0.9960803527682509
training time(mins): 11.843602685133616
start training epoch: 62
epoch: 62 |loss: 0.061487962687878234 |cls: 0.025729708233686525 |mse: 0.008482486733959781 |bi: 0.015460602035037956 |acc: 0.9980401763841255
training time(mins): 12.237151169776917
start training epoch: 63
epoch: 63 |loss: 0.03343139358997693 |cls: 0.01170472903586468 |mse: 0.008476258473394558 |bi: 0.015456773079278176 |acc: 0.9980401763841255
training time(mins): 11.779479070504506
start training epoch: 64
epoch: 64 |loss: 0.08235237036684626 |cls: 0.03613120817508867 |mse: 0.00853931058023931 |bi: 0.015506406478060964 |acc: 0.9965703086722195
training time(mins): 11.843526204427084
start training epoch: 65
epoch: 65 |loss: 0.05113870673404451 |cls: 0.020549949309625254 |mse: 0.008491708611121826 |bi: 0.015470991853341373 |acc: 0.9955903968642822
training time(mins): 11.864777263005575
testing epoch: 65 Acc:0.7651
start training epoch: 66
epoch: 66 |loss: 0.028779402952532323 |cls: 0.009375455382479225 |mse: 0.008481620682937186 |bi: 0.015468714214120691 |acc: 0.9975502204801567
training time(mins): 11.906249829133351
start training epoch: 67
epoch: 67 |loss: 0.05308782116765952 |cls: 0.021502077562244485 |mse: 0.00853219722010936 |bi: 0.015514707737411673 |acc: 0.9975502204801567
training time(mins): 12.10724623600642
start training epoch: 68
epoch: 68 |loss: 0.044320178479609784 |cls: 0.017146836659090343 |mse: 0.008478825443495087 |bi: 0.015476803491382222 |acc: 0.9960803527682509
training time(mins): 12.096748963991802
start training epoch: 69
epoch: 69 |loss: 0.03243720705473894 |cls: 0.011189148041235615 |mse: 0.008511459204362847 |bi: 0.015474518216405695 |acc: 0.9970602645761881
training time(mins): 11.78470143477122
start training epoch: 70
epoch: 70 |loss: 0.03838257206200856 |cls: 0.014167279803672106 |mse: 0.008499194200733426 |bi: 0.0154881770804263 |acc: 0.9970602645761881
training time(mins): 12.102761562665304
testing epoch: 70 Acc:0.7845
start training epoch: 71
epoch: 71 |loss: 0.04175090051272459 |cls: 0.01585947248496635 |mse: 0.008483507752157095 |bi: 0.015484476690752464 |acc: 0.9965703086722195
training time(mins): 12.297080218791962
start training epoch: 72
epoch: 72 |loss: 0.0380703903059339 |cls: 0.013994919050769807 |mse: 0.008530348806222629 |bi: 0.015502032649578059 |acc: 0.9970602645761881
training time(mins): 11.873720220724742
start training epoch: 73
epoch: 73 |loss: 0.04074814593234257 |cls: 0.01534786830270392 |mse: 0.008502679604666623 |bi: 0.015497287953196213 |acc: 0.9965703086722195
training time(mins): 11.958897793293
start training epoch: 74
epoch: 74 |loss: 0.035480656726449206 |cls: 0.012725102932217744 |mse: 0.008481558594765544 |bi: 0.015488926212341464 |acc: 0.9985301322880941
training time(mins): 12.040178342660267
start training epoch: 75
epoch: 75 |loss: 0.059236516800235235 |cls: 0.024593023328559983 |mse: 0.008502947084867117 |bi: 0.015475244702477204 |acc: 0.9975502204801567
training time(mins): 12.312871344884236
testing epoch: 75 Acc:0.7802
start training epoch: 76
epoch: 76 |loss: 0.04604617184387487 |cls: 0.018000827672034713 |mse: 0.00849407355774913 |bi: 0.015504439050952593 |acc: 0.9965703086722195
training time(mins): 11.799979043006896
start training epoch: 77
epoch: 77 |loss: 0.04635691387872947 |cls: 0.018141849171737896 |mse: 0.008523022559912581 |bi: 0.015501934316074639 |acc: 0.9975502204801567
training time(mins): 11.14965523481369
start training epoch: 78
epoch: 78 |loss: 0.044587848130722495 |cls: 0.017288331972248834 |mse: 0.008466023413943704 |bi: 0.015451597098849322 |acc: 0.9975502204801567
training time(mins): 11.237130117416381
start training epoch: 79
epoch: 79 |loss: 0.038993561536901526 |cls: 0.014479708483569291 |mse: 0.008487537887208817 |bi: 0.015466065603520786 |acc: 0.9975502204801567
training time(mins): 11.10896696249644
start training epoch: 80
epoch: 80 |loss: 0.041164358315324924 |cls: 0.015525223724947418 |mse: 0.008558641727033415 |bi: 0.015552680078915686 |acc: 0.9980401763841255
training time(mins): 11.411032303174336
testing epoch: 80 Acc:0.7802
start training epoch: 81
epoch: 81 |loss: 0.0572876421821832 |cls: 0.023625712913067403 |mse: 0.008489592507350863 |bi: 0.015466216957054989 |acc: 0.9980401763841255
training time(mins): 11.32688745657603
start training epoch: 82
epoch: 82 |loss: 0.06438851036806727 |cls: 0.02717107755423228 |mse: 0.00849829823573866 |bi: 0.01548057950335985 |acc: 0.9985301322880941
training time(mins): 11.369146259625753
start training epoch: 83
epoch: 83 |loss: 0.025756878386202612 |cls: 0.007842156392042752 |mse: 0.00852264366139881 |bi: 0.015499217599107508 |acc: 0.9985301322880941
training time(mins): 11.033309781551361
start training epoch: 84
epoch: 84 |loss: 0.054140623299437654 |cls: 0.022052439057474314 |mse: 0.008488749401720121 |bi: 0.01546996272555743 |acc: 0.9960803527682509
training time(mins): 11.234108491738636
start training epoch: 85
epoch: 85 |loss: 0.050064835713751484 |cls: 0.020019740317206526 |mse: 0.008476360948832586 |bi: 0.015489947747940208 |acc: 0.9960803527682509
training time(mins): 11.24728175799052
testing epoch: 85 Acc:0.7909
start training epoch: 86
epoch: 86 |loss: 0.027045136600819943 |cls: 0.008473146771675549 |mse: 0.008545463757687494 |bi: 0.015533792230774435 |acc: 0.9970602645761881
training time(mins): 11.066028253237407
start training epoch: 87
epoch: 87 |loss: 0.030383302209277947 |cls: 0.010175415420852334 |mse: 0.00848568923912986 |bi: 0.0154678212282689 |acc: 0.9975502204801567
training time(mins): 11.286891508102418
start training epoch: 88
epoch: 88 |loss: 0.03321531605062603 |cls: 0.01155771531201728 |mse: 0.008548674454139165 |bi: 0.015512112190413195 |acc: 0.9970602645761881
training time(mins): 11.186029930909475
start training epoch: 89
epoch: 89 |loss: 0.042675711846316765 |cls: 0.016326506453177052 |mse: 0.00847655519766853 |bi: 0.015461442044429612 |acc: 0.9970602645761881
training time(mins): 11.425181869665781
start training epoch: 90
epoch: 90 |loss: 0.038354913921950506 |cls: 0.014158567702204954 |mse: 0.00849002164009719 |bi: 0.0154775677749898 |acc: 0.9985301322880941
training time(mins): 11.151437079906463
testing epoch: 90 Acc:0.7823
start training epoch: 91
epoch: 91 |loss: 0.029104518554342245 |cls: 0.009528530805255286 |mse: 0.008500366038724519 |bi: 0.015470908584389074 |acc: 0.9975502204801567
training time(mins): 11.143870266278585
start training epoch: 92
epoch: 92 |loss: 0.04503864995394534 |cls: 0.017512006851601872 |mse: 0.008468613028526306 |bi: 0.015460231330528942 |acc: 0.9980401763841255
training time(mins): 11.038777879873912
start training epoch: 93
epoch: 93 |loss: 0.049692456626839805 |cls: 0.01982718001541713 |mse: 0.008492065806007176 |bi: 0.015460291801140322 |acc: 0.9990200881920627
training time(mins): 10.973898414770762
start training epoch: 94
epoch: 94 |loss: 0.040284661856637885 |cls: 0.015110167857491492 |mse: 0.008513933486081877 |bi: 0.015503924421704653 |acc: 0.9965703086722195
training time(mins): 11.199891781806945
start training epoch: 95
epoch: 95 |loss: 0.023383058901680142 |cls: 0.006655221399664936 |mse: 0.008524875393496794 |bi: 0.015477408905519031 |acc: 0.9990200881920627
training time(mins): 10.989274450143178
testing epoch: 95 Acc:0.7996
start training epoch: 96
epoch: 96 |loss: 0.04447807076969865 |cls: 0.017216921387295095 |mse: 0.008495648701985678 |bi: 0.015485778227666317 |acc: 0.9960803527682509
training time(mins): 11.294343646367391
start training epoch: 97
epoch: 97 |loss: 0.02640381637328898 |cls: 0.008188745638650735 |mse: 0.008479682708224445 |bi: 0.015466421297941988 |acc: 0.9985301322880941
training time(mins): 11.207860084374746
start training epoch: 98
epoch: 98 |loss: 0.04559520458290626 |cls: 0.017785949533326698 |mse: 0.0084768037151066 |bi: 0.01546502132404443 |acc: 0.9980401763841255
training time(mins): 11.509567165374756
start training epoch: 99
epoch: 99 |loss: 0.04377141793133223 |cls: 0.016833727831791608 |mse: 0.008554583932790492 |bi: 0.015493791942533693 |acc: 0.9965703086722195
training time(mins): 11.445867415269216
start training epoch: 100
epoch: 100 |loss: 0.0355235790474373 |cls: 0.012746896899587131 |mse: 0.008482995870583064 |bi: 0.015467896866911685 |acc: 0.9980401763841255
training time(mins): 10.808442743619283
testing epoch: 100 Acc:0.7845
done
