gumbel thresh:  0.505
Classifier learning rate:  0.001
Transformer learning rate:  0.001
Sparse coding learning rate:  0.0001
Alpha, lam1, lam2  0.1 2 1
mode: dy+bi+cl sampling:  Multi  model path: ./models/crossView_NUCLA/Multi/dy+bi+cl/T36_contrastive_transformer/ gpu: 6
input projection present encoder:  4025
output projection present encoder:  4025
embed_dim:  8050
embed_proj_dim:  4025
ff_dim:  2048
num_heads:  7
num_layers:  2
dropout:  0.1
seq_len:  6
start training epoch: 0
epoch: 0 |loss: 3.7958108151865284 |cls: 1.8928914509321515 |mse: 0.00848027845920875 |bi: 0.015476122411370974 |acc: 0.2699657030867222
training time(mins): 11.576887861887615
testing epoch: 0 Acc:0.2457
start training epoch: 1
epoch: 1 |loss: 2.9449908266290588 |cls: 1.4674794865630523 |mse: 0.008483638404187753 |bi: 0.015482130792667295 |acc: 0.38755512003919645
training time(mins): 12.181044761339823
start training epoch: 2
epoch: 2 |loss: 2.562523793755916 |cls: 1.2762312230310942 |mse: 0.008512838302474273 |bi: 0.015485029057626836 |acc: 0.4679078882900539
training time(mins): 11.93705811103185
start training epoch: 3
epoch: 3 |loss: 2.361051053331609 |cls: 1.175518556296477 |mse: 0.008467565065968716 |bi: 0.01546376512783487 |acc: 0.4977951984321411
training time(mins): 11.849282681941986
start training epoch: 4
epoch: 4 |loss: 2.1256200200633 |cls: 1.057789190819389 |mse: 0.008493140190077282 |bi: 0.015485036628026711 |acc: 0.5605095541401274
training time(mins): 11.882136595249175
start training epoch: 5
epoch: 5 |loss: 1.9416065034810563 |cls: 0.9657904653869874 |mse: 0.008478057717806414 |bi: 0.015475267299303883 |acc: 0.6041156295933366
training time(mins): 11.718371752897898
testing epoch: 5 Acc:0.4116
start training epoch: 6
epoch: 6 |loss: 1.7357925211477 |cls: 0.8628684017393324 |mse: 0.00850479931118544 |bi: 0.015509115504808942 |acc: 0.6452719255267026
training time(mins): 11.70896945397059
start training epoch: 7
epoch: 7 |loss: 1.6123836922366717 |cls: 0.8011623713356709 |mse: 0.0085096830033768 |bi: 0.015492634172415176 |acc: 0.6829985301322881
training time(mins): 12.105745367209117
start training epoch: 8
epoch: 8 |loss: 1.5226810440333962 |cls: 0.7563165536923715 |mse: 0.008499536794005778 |bi: 0.015483962077843515 |acc: 0.7074963253307203
training time(mins): 11.787322330474854
start training epoch: 9
epoch: 9 |loss: 1.3269223589994754 |cls: 0.6584424946391791 |mse: 0.008489469000906275 |bi: 0.015479050957930018 |acc: 0.7506124448799608
training time(mins): 11.702326655387878
start training epoch: 10
epoch: 10 |loss: 1.1742297909413164 |cls: 0.5820609892756619 |mse: 0.008554947840278609 |bi: 0.015528646559176738 |acc: 0.7785399314061734
training time(mins): 12.097964958349865
testing epoch: 10 Acc:0.5366
start training epoch: 11
epoch: 11 |loss: 1.045795159817439 |cls: 0.5178713078300158 |mse: 0.008503482200488535 |bi: 0.015490598524566631 |acc: 0.788829005389515
training time(mins): 12.029525423049927
start training epoch: 12
epoch: 12 |loss: 0.9703211312492689 |cls: 0.48013492553816206 |mse: 0.0085022284278962 |bi: 0.01549053045632372 |acc: 0.8118569328760411
training time(mins): 12.066227066516877
start training epoch: 13
epoch: 13 |loss: 0.9442060234253866 |cls: 0.4670930139241163 |mse: 0.008473361544147656 |bi: 0.015466300220560957 |acc: 0.8245957863792258
training time(mins): 12.42652505238851
start training epoch: 14
epoch: 14 |loss: 0.8572634815821174 |cls: 0.42359244829991405 |mse: 0.008527454157626768 |bi: 0.015511302500745358 |acc: 0.8466438020578148
training time(mins): 12.153791602452596
start training epoch: 15
epoch: 15 |loss: 0.8038206015936813 |cls: 0.39689051565763195 |mse: 0.008492434065113639 |bi: 0.015471355118162451 |acc: 0.8598726114649682
training time(mins): 11.835548873742422
testing epoch: 15 Acc:0.5733
start training epoch: 16
epoch: 16 |loss: 0.6343190019285818 |cls: 0.3121491951421339 |mse: 0.008475137263133425 |bi: 0.01545476015352192 |acc: 0.8873101420872122
training time(mins): 12.429115398724873
start training epoch: 17
epoch: 17 |loss: 0.6411829093874198 |cls: 0.31556746329327945 |mse: 0.0084988356415422 |bi: 0.015491446066233847 |acc: 0.8858402743753062
training time(mins): 12.217084765434265
start training epoch: 18
epoch: 18 |loss: 0.5337665528059006 |cls: 0.2618750264290829 |mse: 0.008471212272221843 |bi: 0.015452913782009256 |acc: 0.9010289073983342
training time(mins): 11.807441937923432
start training epoch: 19
epoch: 19 |loss: 0.5025318551765025 |cls: 0.24623819410648437 |mse: 0.008505880029338319 |bi: 0.015495835030070173 |acc: 0.9157275845173934
training time(mins): 11.761626517772674
start training epoch: 20
epoch: 20 |loss: 0.5381016921557007 |cls: 0.2640163071279289 |mse: 0.008520643017118612 |bi: 0.015484363140200663 |acc: 0.9147476727094561
training time(mins): 11.85005700190862
testing epoch: 20 Acc:0.5841
start training epoch: 21
epoch: 21 |loss: 0.45535629260086874 |cls: 0.2226614008537815 |mse: 0.008484774105773684 |bi: 0.015487193249776 |acc: 0.9279764821166095
training time(mins): 12.076817711194357
start training epoch: 22
epoch: 22 |loss: 0.4207513542595314 |cls: 0.20536191488360192 |mse: 0.008480500778433873 |bi: 0.0154702048639805 |acc: 0.93140617344439
training time(mins): 12.190453386306762
start training epoch: 23
epoch: 23 |loss: 0.43051982185209703 |cls: 0.21023765147516602 |mse: 0.008496002710767482 |bi: 0.015485157721746735 |acc: 0.9353258206761391
training time(mins): 11.950875898202261
start training epoch: 24
epoch: 24 |loss: 0.33610853264162766 |cls: 0.16301979236331993 |mse: 0.008519955649318402 |bi: 0.015489909923172484 |acc: 0.9500244977951985
training time(mins): 11.728280381361644
start training epoch: 25
epoch: 25 |loss: 0.26828126901248744 |cls: 0.12908250825174633 |mse: 0.008563726633917867 |bi: 0.015525248843893322 |acc: 0.9568838804507594
training time(mins): 12.311179622014363
testing epoch: 25 Acc:0.5496
start training epoch: 26
epoch: 26 |loss: 0.3526476737144485 |cls: 0.17128984001805536 |mse: 0.00851642040328847 |bi: 0.015515736957783239 |acc: 0.9377756001959824
training time(mins): 11.93914737701416
start training epoch: 27
epoch: 27 |loss: 0.26849625779762426 |cls: 0.12920547008231195 |mse: 0.008533210534471692 |bi: 0.015521079318173099 |acc: 0.9568838804507594
training time(mins): 11.858194410800934
start training epoch: 28
epoch: 28 |loss: 0.26942681931830637 |cls: 0.12969891799815347 |mse: 0.008481493573744742 |bi: 0.01547489653488523 |acc: 0.9539441450269476
training time(mins): 12.011502953370412
start training epoch: 29
epoch: 29 |loss: 0.24492641112478505 |cls: 0.11744234257388576 |mse: 0.00849287862186892 |bi: 0.015488479705799741 |acc: 0.9647231749142577
training time(mins): 12.030397391319275
start training epoch: 30
epoch: 30 |loss: 0.26352934472328216 |cls: 0.12675068453389998 |mse: 0.008480440789822772 |bi: 0.015475365817982551 |acc: 0.9622733953944145
training time(mins): 12.035360320409138
testing epoch: 30 Acc:0.5797
start training epoch: 31
epoch: 31 |loss: 0.20489853228937988 |cls: 0.09740113151771676 |mse: 0.008545924223175174 |bi: 0.015503462866950802 |acc: 0.9661930426261637
training time(mins): 12.332394103209177
start training epoch: 32
epoch: 32 |loss: 0.18141246744437 |cls: 0.08567406771750849 |mse: 0.008516105341218543 |bi: 0.015482259456787193 |acc: 0.9706026457618814
training time(mins): 11.996209530035655
start training epoch: 33
epoch: 33 |loss: 0.17904827048816876 |cls: 0.08447912899754827 |mse: 0.008537521825460663 |bi: 0.015524900774335304 |acc: 0.979421852033317
training time(mins): 11.952280835310619
start training epoch: 34
epoch: 34 |loss: 0.31446182332954736 |cls: 0.1522161182835126 |mse: 0.008481175891989679 |bi: 0.015484113425931386 |acc: 0.9524742773150416
training time(mins): 12.125327519575755
start training epoch: 35
epoch: 35 |loss: 0.3002486945625547 |cls: 0.14510376736785868 |mse: 0.008493403512004175 |bi: 0.015477560144680285 |acc: 0.953454189122979
training time(mins): 11.806348093350728
testing epoch: 35 Acc:0.5409
start training epoch: 36
epoch: 36 |loss: 0.1999056713590235 |cls: 0.09493491267485882 |mse: 0.008487304288632515 |bi: 0.015485430119983982 |acc: 0.9701126898579128
training time(mins): 11.84744417667389
start training epoch: 37
epoch: 37 |loss: 0.13123214946874576 |cls: 0.060566623729574685 |mse: 0.008547227502914896 |bi: 0.015516750901196783 |acc: 0.979421852033317
training time(mins): 11.780706894397735
start training epoch: 38
epoch: 38 |loss: 0.17091853603481028 |cls: 0.08044855699155205 |mse: 0.00847616392645266 |bi: 0.015452565690665915 |acc: 0.9804017638412543
training time(mins): 12.080903458595277
start training epoch: 39
epoch: 39 |loss: 0.20367979996276703 |cls: 0.0968087659025434 |mse: 0.008513719407155326 |bi: 0.015485468004661345 |acc: 0.9769720725134737
training time(mins): 11.807462771733602
start training epoch: 40
epoch: 40 |loss: 0.20337079610261652 |cls: 0.09661894858398132 |mse: 0.008579322752373957 |bi: 0.015535737050163466 |acc: 0.9691327780499756
training time(mins): 11.911282261212667
testing epoch: 40 Acc:0.5927
start training epoch: 41
epoch: 41 |loss: 0.1650291533367327 |cls: 0.07749910657300903 |mse: 0.008484353487004052 |bi: 0.015465868876604309 |acc: 0.9789318961293484
training time(mins): 11.93964128891627
start training epoch: 42
epoch: 42 |loss: 0.09812864957497133 |cls: 0.04404059214887144 |mse: 0.008497829028889972 |bi: 0.01549635721882533 |acc: 0.9857912787849094
training time(mins): 11.992765180269878
start training epoch: 43
epoch: 43 |loss: 0.07256041032572587 |cls: 0.03125016298451412 |mse: 0.008511653428690301 |bi: 0.015484317701462417 |acc: 0.9902008819206272
training time(mins): 12.084292368094127
start training epoch: 44
epoch: 44 |loss: 0.0799901087588647 |cls: 0.03497679502444889 |mse: 0.00848870927315445 |bi: 0.015478089936513301 |acc: 0.9887310142087212
training time(mins): 11.770068895816802
start training epoch: 45
epoch: 45 |loss: 0.07496487316049157 |cls: 0.03243854892000945 |mse: 0.008537366836500622 |bi: 0.015504083378316715 |acc: 0.994610485056345
training time(mins): 11.751402664184571
testing epoch: 45 Acc:0.5948
start training epoch: 46
epoch: 46 |loss: 0.2597969401497067 |cls: 0.12485592336213823 |mse: 0.008531836466046801 |bi: 0.015532589065488319 |acc: 0.9661930426261637
training time(mins): 12.100612656275432
start training epoch: 47
epoch: 47 |loss: 0.23574263523523395 |cls: 0.11284498327816102 |mse: 0.00850308713454165 |bi: 0.0154958199382874 |acc: 0.9671729544341009
training time(mins): 12.54072409470876
start training epoch: 48
epoch: 48 |loss: 0.15174479602852411 |cls: 0.07084856016325836 |mse: 0.008498370848944661 |bi: 0.015493042799725867 |acc: 0.9759921607055365
training time(mins): 11.975237389405569
start training epoch: 49
epoch: 49 |loss: 0.14195394144006815 |cls: 0.06595566189096974 |mse: 0.008494445991468185 |bi: 0.015481707040895845 |acc: 0.9823615874571289
training time(mins): 12.187900471687318
start training epoch: 50
epoch: 50 |loss: 0.06826681815283864 |cls: 0.029088834425222063 |mse: 0.008539185265612882 |bi: 0.015499648883154518 |acc: 0.9902008819206272
training time(mins): 12.146868427594503
testing epoch: 50 Acc:0.5776
start training epoch: 51
epoch: 51 |loss: 0.045799650769266814 |cls: 0.017867376314144586 |mse: 0.00851596886706021 |bi: 0.015489296982206448 |acc: 0.9955903968642822
training time(mins): 11.888073801994324
start training epoch: 52
epoch: 52 |loss: 0.04573201872844097 |cls: 0.017854304901410673 |mse: 0.008477879821578835 |bi: 0.01545528984187465 |acc: 0.9965703086722195
training time(mins): 12.211879976590474
start training epoch: 53
epoch: 53 |loss: 0.038572727076229996 |cls: 0.01425626390140125 |mse: 0.008511487745859643 |bi: 0.015487117605686884 |acc: 0.9970602645761881
training time(mins): 11.968344887097677
start training epoch: 54
epoch: 54 |loss: 0.041452508969831534 |cls: 0.015717000527782583 |mse: 0.00847353789089411 |bi: 0.01544970521234978 |acc: 0.9955903968642822
training time(mins): 11.807435901959737
start training epoch: 55
epoch: 55 |loss: 0.034284632304432794 |cls: 0.01210657828557237 |mse: 0.008521035403470722 |bi: 0.015504401144489907 |acc: 0.9975502204801567
training time(mins): 12.207408042748769
testing epoch: 55 Acc:0.5668
start training epoch: 56
epoch: 56 |loss: 0.04795455765959464 |cls: 0.018965826695878537 |mse: 0.008475081210857943 |bi: 0.01547823373598662 |acc: 0.9941205291523763
training time(mins): 11.901196324825287
start training epoch: 57
epoch: 57 |loss: 0.041787024876048344 |cls: 0.015887782916124388 |mse: 0.008464900022427066 |bi: 0.01546559647292073 |acc: 0.9955903968642822
training time(mins): 11.816889941692352
start training epoch: 58
epoch: 58 |loss: 0.05213390734068483 |cls: 0.02103286987684234 |mse: 0.008517727726928846 |bi: 0.015504401106365591 |acc: 0.9941205291523763
training time(mins): 12.117688850561779
start training epoch: 59
epoch: 59 |loss: 0.04990582568407582 |cls: 0.01993635825383748 |mse: 0.008486561460845303 |bi: 0.015465475313844736 |acc: 0.9975502204801567
training time(mins): 11.864622076352438
start training epoch: 60
epoch: 60 |loss: 0.04690750994942865 |cls: 0.01842660835169035 |mse: 0.008504573247607863 |bi: 0.015497197135629361 |acc: 0.9960803527682509
training time(mins): 12.028039336204529
testing epoch: 60 Acc:0.5647
start training epoch: 61
epoch: 61 |loss: 0.047011101171810024 |cls: 0.018486123065289236 |mse: 0.008491707214137964 |bi: 0.015471476195543482 |acc: 0.9970602645761881
training time(mins): 12.10005605618159
start training epoch: 62
epoch: 62 |loss: 0.043105674956582095 |cls: 0.016519805280391632 |mse: 0.008516523009438438 |bi: 0.01549541891405457 |acc: 0.9951004409603136
training time(mins): 12.19101818005244
start training epoch: 63
epoch: 63 |loss: 0.057039526465474166 |cls: 0.02350845833905368 |mse: 0.008475007807933971 |bi: 0.015476024077867556 |acc: 0.9941205291523763
training time(mins): 11.963417983055114
start training epoch: 64
epoch: 64 |loss: 0.07925721348878759 |cls: 0.034612456644760654 |mse: 0.008482361661695074 |bi: 0.01549939161482436 |acc: 0.9960803527682509
training time(mins): 11.90715446472168
start training epoch: 65
epoch: 65 |loss: 0.03958136623736188 |cls: 0.01477796998935648 |mse: 0.008478159560108481 |bi: 0.015472664214583516 |acc: 0.9960803527682509
training time(mins): 12.282398664951325
testing epoch: 65 Acc:0.5819
start training epoch: 66
epoch: 66 |loss: 0.03270253531460525 |cls: 0.011331790636006978 |mse: 0.008491279786093193 |bi: 0.015476742900951563 |acc: 0.9980401763841255
training time(mins): 11.720960501829783
start training epoch: 67
epoch: 67 |loss: 0.04176139730785848 |cls: 0.01585444566904028 |mse: 0.00850282038959582 |bi: 0.01549685663647122 |acc: 0.9970602645761881
training time(mins): 12.259468070665996
start training epoch: 68
epoch: 68 |loss: 0.03678688172752049 |cls: 0.013334963478951998 |mse: 0.008564236671908906 |bi: 0.01552717863140922 |acc: 0.9970602645761881
training time(mins): 11.848523867130279
start training epoch: 69
epoch: 69 |loss: 0.029506672032133877 |cls: 0.009743147915329958 |mse: 0.008474788752422607 |bi: 0.015455872490348523 |acc: 0.9975502204801567
training time(mins): 11.807550728321075
start training epoch: 70
epoch: 70 |loss: 0.04363249541853952 |cls: 0.016776432743224885 |mse: 0.008529099415203458 |bi: 0.015505316825202333 |acc: 0.9975502204801567
training time(mins): 11.836200896898905
testing epoch: 70 Acc:0.5690
start training epoch: 71
epoch: 71 |loss: 0.024174023490420908 |cls: 0.007074081451442823 |mse: 0.008477869361900446 |bi: 0.015479913580487345 |acc: 0.9985301322880941
training time(mins): 12.23902622461319
start training epoch: 72
epoch: 72 |loss: 0.03483125590855441 |cls: 0.01236856935731488 |mse: 0.008540471623602667 |bi: 0.015536455976727762 |acc: 0.9965703086722195
training time(mins): 12.172231340408326
start training epoch: 73
epoch: 73 |loss: 0.027918204627059705 |cls: 0.008953142430727255 |mse: 0.008465567419893648 |bi: 0.01546352298396547 |acc: 0.9975502204801567
training time(mins): 11.934680394331615
start training epoch: 74
epoch: 74 |loss: 0.024050425803452208 |cls: 0.006985789492276323 |mse: 0.00852898636299093 |bi: 0.015498604723497442 |acc: 0.9985301322880941
training time(mins): 12.203023155530294
start training epoch: 75
epoch: 75 |loss: 0.029952373660621586 |cls: 0.009939986852195784 |mse: 0.0085224941514476 |bi: 0.015499058718744078 |acc: 0.9970602645761881
training time(mins): 11.89296094973882
testing epoch: 75 Acc:0.5970
start training epoch: 76
epoch: 76 |loss: 0.0290220108493204 |cls: 0.009491281556588467 |mse: 0.0084909437011862 |bi: 0.015485036677043689 |acc: 0.9985301322880941
training time(mins): 11.889273265997568
start training epoch: 77
epoch: 77 |loss: 0.0323907722016437 |cls: 0.01117050809951156 |mse: 0.008501117093194472 |bi: 0.01548639114684703 |acc: 0.9975502204801567
training time(mins): 11.732455897331239
start training epoch: 78
epoch: 78 |loss: 0.04609073829777234 |cls: 0.018023404353905852 |mse: 0.00849727531132555 |bi: 0.01546654238076935 |acc: 0.9965703086722195
training time(mins): 11.158199302355449
start training epoch: 79
epoch: 79 |loss: 0.03541731300126565 |cls: 0.012698465084144097 |mse: 0.008473205520384754 |bi: 0.015471771288641363 |acc: 0.9960803527682509
training time(mins): 11.308926705519358
start training epoch: 80
epoch: 80 |loss: 0.03228088079989828 |cls: 0.011127028804010649 |mse: 0.008479812119853252 |bi: 0.01547011406275264 |acc: 0.9975502204801567
training time(mins): 11.106653392314911
testing epoch: 80 Acc:0.5948
start training epoch: 81
epoch: 81 |loss: 0.02874403166426727 |cls: 0.00935479858643389 |mse: 0.008486825553428012 |bi: 0.015476092167895788 |acc: 0.9985301322880941
training time(mins): 11.433672527472178
start training epoch: 82
epoch: 82 |loss: 0.023732272581311695 |cls: 0.006839334676990201 |mse: 0.00850432187220768 |bi: 0.01549280821536368 |acc: 0.9995100440960314
training time(mins): 11.648292509714762
start training epoch: 83
epoch: 83 |loss: 0.02332651608062592 |cls: 0.006639480952065226 |mse: 0.008498107668622369 |bi: 0.015494465381342765 |acc: 0.9990200881920627
training time(mins): 11.144418275356292
start training epoch: 84
epoch: 84 |loss: 0.023588971403694294 |cls: 0.006785624091027029 |mse: 0.008472081610105105 |bi: 0.015456417428427622 |acc: 0.9990200881920627
training time(mins): 11.227287256717682
start training epoch: 85
epoch: 85 |loss: 0.039955572154351145 |cls: 0.014961226510858553 |mse: 0.00848529907215757 |bi: 0.01547820339447748 |acc: 0.9980401763841255
training time(mins): 11.143689966201782
testing epoch: 85 Acc:0.5776
start training epoch: 86
epoch: 86 |loss: 0.026951763680890986 |cls: 0.00847350207029104 |mse: 0.008457944984411636 |bi: 0.015468146597519952 |acc: 0.9985301322880941
training time(mins): 11.327812894185383
start training epoch: 87
epoch: 87 |loss: 0.023314972489810827 |cls: 0.0066148995384213115 |mse: 0.008534658414295368 |bi: 0.015505150336314711 |acc: 0.9985301322880941
training time(mins): 11.290479318300884
start training epoch: 88
epoch: 88 |loss: 0.021474610910647444 |cls: 0.005714735276544363 |mse: 0.008496670038793345 |bi: 0.015484703704714775 |acc: 0.9975502204801567
training time(mins): 11.254888594150543
start training epoch: 89
epoch: 89 |loss: 0.03096640180273537 |cls: 0.01045505524192064 |mse: 0.008507300260863458 |bi: 0.015489909939511477 |acc: 0.9980401763841255
training time(mins): 11.039074158668518
start training epoch: 90
epoch: 90 |loss: 0.03925541281286213 |cls: 0.014618981974303235 |mse: 0.008470376418380622 |bi: 0.015470734563225891 |acc: 0.9985301322880941
training time(mins): 11.525760674476624
testing epoch: 90 Acc:0.5862
start training epoch: 91
epoch: 91 |loss: 0.036817841994309285 |cls: 0.013378197187055733 |mse: 0.00851226964017801 |bi: 0.01549177897320679 |acc: 0.9960803527682509
training time(mins): 11.398456656932831
start training epoch: 92
epoch: 92 |loss: 0.022216941284462374 |cls: 0.006088707732775028 |mse: 0.008490523764569508 |bi: 0.015490023435599971 |acc: 0.9995100440960314
training time(mins): 11.309504814942677
start training epoch: 93
epoch: 93 |loss: 0.03069786884827398 |cls: 0.010340109384620062 |mse: 0.008471006519373572 |bi: 0.015466436422402747 |acc: 0.9975502204801567
training time(mins): 11.421480524539948
start training epoch: 94
epoch: 94 |loss: 0.029882956573968392 |cls: 0.00990961281305631 |mse: 0.008511777215620927 |bi: 0.015519535637389847 |acc: 0.9970602645761881
training time(mins): 11.470892413457234
start training epoch: 95
epoch: 95 |loss: 0.029973255677355662 |cls: 0.009963372197463068 |mse: 0.008497837832883784 |bi: 0.015486739259975695 |acc: 0.9990200881920627
training time(mins): 11.213636040687561
testing epoch: 95 Acc:0.5841
start training epoch: 96
epoch: 96 |loss: 0.035759561646141504 |cls: 0.012844574817376142 |mse: 0.008521477275184895 |bi: 0.015489342382820378 |acc: 0.9980401763841255
training time(mins): 11.278102966149648
start training epoch: 97
epoch: 97 |loss: 0.027483612108343873 |cls: 0.008713261580532273 |mse: 0.008507067980299219 |bi: 0.015500208967479697 |acc: 0.9970602645761881
training time(mins): 11.274057463804882
start training epoch: 98
epoch: 98 |loss: 0.0372561900522451 |cls: 0.013606968795639334 |mse: 0.008496225055862675 |bi: 0.015460269095387027 |acc: 0.9975502204801567
training time(mins): 10.970374457041423
start training epoch: 99
epoch: 99 |loss: 0.026068311337141964 |cls: 0.008020835855433837 |mse: 0.008478648607940441 |bi: 0.015479906059104449 |acc: 0.9975502204801567
training time(mins): 11.352866939703624
start training epoch: 100
epoch: 100 |loss: 0.02298361595654697 |cls: 0.006450343452263297 |mse: 0.008532807282689545 |bi: 0.015501215384064014 |acc: 0.9980401763841255
training time(mins): 11.055050667126974
testing epoch: 100 Acc:0.5776
done
