gumbel thresh:  0.505
Classifier learning rate:  0.001
Transformer learning rate:  0.0001
Sparse coding learning rate:  0.0001
Alpha, lam1, lam2  0.1 2 1
mode: dy+bi+cl sampling:  Multi  model path: ./models/crossView_NUCLA/Multi/dy+bi+cl/T36_contrastive_transformer/ gpu: 7
input projection present encoder:  4025
output projection present encoder:  4025
embed_dim:  8050
embed_proj_dim:  4025
ff_dim:  2048
num_heads:  7
num_layers:  2
dropout:  0.1
seq_len:  6
start training epoch: 0
epoch: 0 |loss: 4.340317440311811 |cls: 2.1651447641919233 |mse: 0.00848027845920875 |bi: 0.015476122411370974 |acc: 0.19402253797158256
training time(mins): 11.60364541610082
testing epoch: 0 Acc:0.2478
start training epoch: 1
epoch: 1 |loss: 3.3751669376217133 |cls: 1.6825675455450315 |mse: 0.008483638404187753 |bi: 0.015482130792667295 |acc: 0.3258206761391475
training time(mins): 12.030353792508443
start training epoch: 2
epoch: 2 |loss: 2.8931640951257003 |cls: 1.4415513775502031 |mse: 0.008512838302474273 |bi: 0.015485029057626836 |acc: 0.396374326310632
training time(mins): 12.06827143828074
start training epoch: 3
epoch: 3 |loss: 2.7256014625928557 |cls: 1.3577937581385786 |mse: 0.008467565065968716 |bi: 0.01546376512783487 |acc: 0.40911317981381673
training time(mins): 12.223356366157532
start training epoch: 4
epoch: 4 |loss: 2.5680245446879963 |cls: 1.2789914503432156 |mse: 0.008493140190077282 |bi: 0.015485036628026711 |acc: 0.4497795198432141
training time(mins): 11.884591599305471
start training epoch: 5
epoch: 5 |loss: 2.431379178811235 |cls: 1.2106767993921426 |mse: 0.008478057717806414 |bi: 0.015475267299303883 |acc: 0.49142577168054874
training time(mins): 11.72796609401703
testing epoch: 5 Acc:0.3815
start training epoch: 6
epoch: 6 |loss: 2.260219946939346 |cls: 1.1250821163779812 |mse: 0.00850479931118544 |bi: 0.015509115504808942 |acc: 0.5183733463988242
training time(mins): 11.885244182745616
start training epoch: 7
epoch: 7 |loss: 2.2028246779888 |cls: 1.0963828668259739 |mse: 0.0085096830033768 |bi: 0.015492634172415176 |acc: 0.5673689367956883
training time(mins): 12.258174089590709
start training epoch: 8
epoch: 8 |loss: 1.9637501752167417 |cls: 0.9768511173669358 |mse: 0.008499536794005778 |bi: 0.015483962077843515 |acc: 0.6046055854973053
training time(mins): 11.883483322461446
start training epoch: 9
epoch: 9 |loss: 1.8561141804644936 |cls: 0.9230384075502206 |mse: 0.008489469000906275 |bi: 0.015479050957930018 |acc: 0.6389024987751103
training time(mins): 12.03012872536977
start training epoch: 10
epoch: 10 |loss: 1.6495887835820515 |cls: 0.8197404891252518 |mse: 0.008554947840278609 |bi: 0.015528646559176738 |acc: 0.6731994120529152
training time(mins): 12.110298029581706
testing epoch: 10 Acc:0.5237
start training epoch: 11
epoch: 11 |loss: 1.5655825795137395 |cls: 0.7777650189852854 |mse: 0.008503482200488535 |bi: 0.015490598524566631 |acc: 0.6834884860362568
training time(mins): 11.833556425571441
start training epoch: 12
epoch: 12 |loss: 1.4200745256323564 |cls: 0.7050116211175919 |mse: 0.0085022284278962 |bi: 0.01549053045632372 |acc: 0.7119059284664381
training time(mins): 12.221324078241985
start training epoch: 13
epoch: 13 |loss: 1.343469457493888 |cls: 0.6667247305662312 |mse: 0.008473361544147656 |bi: 0.015466300220560957 |acc: 0.7496325330720235
training time(mins): 12.009140658378602
start training epoch: 14
epoch: 14 |loss: 1.3210579811306724 |cls: 0.6554896989673898 |mse: 0.008527454157626768 |bi: 0.015511302500745358 |acc: 0.739343459088682
training time(mins): 12.08156095345815
start training epoch: 15
epoch: 15 |loss: 1.235925886540385 |cls: 0.6129431602550529 |mse: 0.008492434065113639 |bi: 0.015471355118162451 |acc: 0.7535521803037727
training time(mins): 12.128827647368114
testing epoch: 15 Acc:0.5388
start training epoch: 16
epoch: 16 |loss: 1.1005128967134576 |cls: 0.5452461440922224 |mse: 0.008475137263133425 |bi: 0.01545476015352192 |acc: 0.79421852033317
training time(mins): 12.213786641756693
start training epoch: 17
epoch: 17 |loss: 1.0608950339214147 |cls: 0.5254235274174757 |mse: 0.0084988356415422 |bi: 0.015491446066233847 |acc: 0.7902988731014209
training time(mins): 11.896018433570863
start training epoch: 18
epoch: 18 |loss: 0.9510804965046414 |cls: 0.4705319973852551 |mse: 0.008471212272221843 |bi: 0.015452913782009256 |acc: 0.8167564919157276
training time(mins): 12.10382247765859
start training epoch: 19
epoch: 19 |loss: 1.0026805728499653 |cls: 0.49631255416319386 |mse: 0.008505880029338319 |bi: 0.015495835030070173 |acc: 0.8192062714355708
training time(mins): 11.970102723439535
start training epoch: 20
epoch: 20 |loss: 0.9820029531654558 |cls: 0.4859669375837895 |mse: 0.008520643017118612 |bi: 0.015484363140200663 |acc: 0.8162665360117589
training time(mins): 12.078413124879201
testing epoch: 20 Acc:0.5603
start training epoch: 21
epoch: 21 |loss: 0.8419776372611523 |cls: 0.41597207329557306 |mse: 0.008484774105773684 |bi: 0.015487193249776 |acc: 0.8495835374816266
training time(mins): 12.405330189069112
start training epoch: 22
epoch: 22 |loss: 0.8027191594330191 |cls: 0.3963458168903115 |mse: 0.008480500778433873 |bi: 0.0154702048639805 |acc: 0.8500734933855953
training time(mins): 12.148364027341207
start training epoch: 23
epoch: 23 |loss: 0.8299686161485332 |cls: 0.4099620475667959 |mse: 0.008496002710767482 |bi: 0.015485157721746735 |acc: 0.8441940225379716
training time(mins): 12.027211300532024
start training epoch: 24
epoch: 24 |loss: 0.7488298044262225 |cls: 0.3693804307159973 |mse: 0.008519955649318402 |bi: 0.015489909923172484 |acc: 0.8691817736403724
training time(mins): 11.821134670575459
start training epoch: 25
epoch: 25 |loss: 0.7369246109884385 |cls: 0.36340417760854576 |mse: 0.008563726633917867 |bi: 0.015525248843893322 |acc: 0.8633023027927487
training time(mins): 12.173248012860617
testing epoch: 25 Acc:0.6078
start training epoch: 26
epoch: 26 |loss: 0.7593343223918948 |cls: 0.37463316612207054 |mse: 0.00851642040328847 |bi: 0.015515736957783239 |acc: 0.8520333170014699
training time(mins): 11.817437839508056
start training epoch: 27
epoch: 27 |loss: 0.6814407464443591 |cls: 0.335677713395385 |mse: 0.008533210534471692 |bi: 0.015521079318173099 |acc: 0.8721215090641842
training time(mins): 11.798362386226653
start training epoch: 28
epoch: 28 |loss: 0.631283377041245 |cls: 0.3106271967030408 |mse: 0.008481493573744742 |bi: 0.01547489653488523 |acc: 0.8794708476237139
training time(mins): 11.913585650920869
start training epoch: 29
epoch: 29 |loss: 0.5593415559514573 |cls: 0.27464991606423383 |mse: 0.00849287862186892 |bi: 0.015488479705799741 |acc: 0.8936795688388045
training time(mins): 11.8278781970342
start training epoch: 30
epoch: 30 |loss: 0.6042694717819928 |cls: 0.297120747581255 |mse: 0.008480440789822772 |bi: 0.015475365817982551 |acc: 0.8995590396864283
training time(mins): 11.943804140885671
testing epoch: 30 Acc:0.5862
start training epoch: 31
epoch: 31 |loss: 0.5480161986547952 |cls: 0.268959964010102 |mse: 0.008545924223175174 |bi: 0.015503462866950802 |acc: 0.9029887310142087
training time(mins): 12.204991189638774
start training epoch: 32
epoch: 32 |loss: 0.5666447230859807 |cls: 0.27829019531433347 |mse: 0.008516105341218543 |bi: 0.015482259456787193 |acc: 0.8912297893189612
training time(mins): 11.86527604262034
start training epoch: 33
epoch: 33 |loss: 0.5182739418675328 |cls: 0.2540919648439825 |mse: 0.008537521825460663 |bi: 0.015524900774335304 |acc: 0.9024987751102401
training time(mins): 12.154479444026947
start training epoch: 34
epoch: 34 |loss: 0.5493796907844599 |cls: 0.26967505180434875 |mse: 0.008481175891989679 |bi: 0.015484113425931386 |acc: 0.9054385105340519
training time(mins): 12.018581092357635
start training epoch: 35
epoch: 35 |loss: 0.5641533132882146 |cls: 0.27705607638416585 |mse: 0.008493403512004175 |bi: 0.015477560144680285 |acc: 0.910828025477707
training time(mins): 12.053692134221395
testing epoch: 35 Acc:0.5560
start training epoch: 36
epoch: 36 |loss: 0.4401929225685478 |cls: 0.2150785383858244 |mse: 0.008487304288632515 |bi: 0.015485430119983982 |acc: 0.9211170994610485
training time(mins): 11.885798740386964
start training epoch: 37
epoch: 37 |loss: 0.4396906990492553 |cls: 0.21479589830572057 |mse: 0.008547227502914896 |bi: 0.015516750901196783 |acc: 0.9265066144047036
training time(mins): 12.027640060583751
start training epoch: 38
epoch: 38 |loss: 0.4219192160260782 |cls: 0.20594889863138224 |mse: 0.00847616392645266 |bi: 0.015452565690665915 |acc: 0.9284664380205782
training time(mins): 12.071991582711538
start training epoch: 39
epoch: 39 |loss: 0.4768394667067026 |cls: 0.23338859983071772 |mse: 0.008513719407155326 |bi: 0.015485468004661345 |acc: 0.9191572758451739
training time(mins): 12.031946357091268
start training epoch: 40
epoch: 40 |loss: 0.44082573483213344 |cls: 0.2153464195710656 |mse: 0.008579322752373957 |bi: 0.015535737050163466 |acc: 0.9211170994610485
training time(mins): 11.99837115208308
testing epoch: 40 Acc:0.5603
start training epoch: 41
epoch: 41 |loss: 0.4651382127068719 |cls: 0.22755363651371577 |mse: 0.008484353487004052 |bi: 0.015465868876604309 |acc: 0.9240568348848603
training time(mins): 12.18204170068105
start training epoch: 42
epoch: 42 |loss: 0.34984095398968423 |cls: 0.16989674538166988 |mse: 0.008497829028889972 |bi: 0.01549635721882533 |acc: 0.9431651151396374
training time(mins): 11.831948630015056
start training epoch: 43
epoch: 43 |loss: 0.367265307867344 |cls: 0.17860261353116744 |mse: 0.008511653428690301 |bi: 0.015484317701462417 |acc: 0.9377756001959824
training time(mins): 11.927362596988678
start training epoch: 44
epoch: 44 |loss: 0.3562722422770764 |cls: 0.17311786269845322 |mse: 0.00848870927315445 |bi: 0.015478089936513301 |acc: 0.9470847623713866
training time(mins): 11.921693694591522
start training epoch: 45
epoch: 45 |loss: 0.3451093378645635 |cls: 0.16751078273338532 |mse: 0.008537366836500622 |bi: 0.015504083378316715 |acc: 0.9441450269475747
training time(mins): 12.03024031718572
testing epoch: 45 Acc:0.6121
start training epoch: 46
epoch: 46 |loss: 0.3697955026754249 |cls: 0.17985520372711863 |mse: 0.008531836466046801 |bi: 0.015532589065488319 |acc: 0.9407153356197943
training time(mins): 12.247923429807027
start training epoch: 47
epoch: 47 |loss: 0.3118777709866041 |cls: 0.1509125518353182 |mse: 0.00850308713454165 |bi: 0.0154958199382874 |acc: 0.9514943655071043
training time(mins): 12.525763285160064
start training epoch: 48
epoch: 48 |loss: 0.23634999215450378 |cls: 0.11315115883045052 |mse: 0.008498370848944661 |bi: 0.015493042799725867 |acc: 0.9637432631063204
training time(mins): 12.108328449726105
start training epoch: 49
epoch: 49 |loss: 0.24906633198479114 |cls: 0.11951185792905132 |mse: 0.008494445991468185 |bi: 0.015481707040895845 |acc: 0.9617834394904459
training time(mins): 12.050833106040955
start training epoch: 50
epoch: 50 |loss: 0.1789716651924608 |cls: 0.08444125710391542 |mse: 0.008539185265612882 |bi: 0.015499648883154518 |acc: 0.9706026457618814
training time(mins): 11.921918972333271
testing epoch: 50 Acc:0.6013
start training epoch: 51
epoch: 51 |loss: 0.16868226622824956 |cls: 0.07930868408405795 |mse: 0.00851596886706021 |bi: 0.015489296982206448 |acc: 0.9706026457618814
training time(mins): 11.958247196674346
start training epoch: 52
epoch: 52 |loss: 0.17053406368614288 |cls: 0.08025532744910666 |mse: 0.008477879821578835 |bi: 0.01545528984187465 |acc: 0.9720725134737873
training time(mins): 12.266200276215871
start training epoch: 53
epoch: 53 |loss: 0.18938062849253068 |cls: 0.08966021422839353 |mse: 0.008511487745859643 |bi: 0.015487117605686884 |acc: 0.9745222929936306
training time(mins): 12.019219104448954
start training epoch: 54
epoch: 54 |loss: 0.16334561173047063 |cls: 0.07666355124041602 |mse: 0.00847353789089411 |bi: 0.01544970521234978 |acc: 0.972562469377756
training time(mins): 12.071792085965475
start training epoch: 55
epoch: 55 |loss: 0.16168595520420032 |cls: 0.07580724023030636 |mse: 0.008521035403470722 |bi: 0.015504401144489907 |acc: 0.974032337089662
training time(mins): 12.281321473916371
testing epoch: 55 Acc:0.6121
start training epoch: 56
epoch: 56 |loss: 0.17512762476281638 |cls: 0.08255236057380122 |mse: 0.008475081210857943 |bi: 0.01547823373598662 |acc: 0.9720725134737873
training time(mins): 11.995636638005575
start training epoch: 57
epoch: 57 |loss: 0.16517586346541407 |cls: 0.07758220243138364 |mse: 0.008464900022427066 |bi: 0.01546559647292073 |acc: 0.9759921607055365
training time(mins): 11.991098459561666
start training epoch: 58
epoch: 58 |loss: 0.15134724057470147 |cls: 0.07063953565979617 |mse: 0.008517727726928846 |bi: 0.015504401106365591 |acc: 0.9720725134737873
training time(mins): 11.89243733882904
start training epoch: 59
epoch: 59 |loss: 0.17138546453625486 |cls: 0.08067617770924358 |mse: 0.008486561460845303 |bi: 0.015465475313844736 |acc: 0.9774620284174425
training time(mins): 12.004946641127269
start training epoch: 60
epoch: 60 |loss: 0.1632090126333094 |cls: 0.07657735924047897 |mse: 0.008504573247607863 |bi: 0.015497197135629361 |acc: 0.9745222929936306
training time(mins): 11.902205109596252
testing epoch: 60 Acc:0.6185
start training epoch: 61
epoch: 61 |loss: 0.12676099294044993 |cls: 0.05836106938676233 |mse: 0.008491707214137964 |bi: 0.015471476195543482 |acc: 0.9813816756491915
training time(mins): 12.057065085570018
start training epoch: 62
epoch: 62 |loss: 0.18383045033796838 |cls: 0.08688219324212483 |mse: 0.008516523009438438 |bi: 0.01549541891405457 |acc: 0.9701126898579128
training time(mins): 12.21951193412145
start training epoch: 63
epoch: 63 |loss: 0.18803547413703817 |cls: 0.08900643183035525 |mse: 0.008475007807933971 |bi: 0.015476024077867556 |acc: 0.972562469377756
training time(mins): 11.830385653177897
start training epoch: 64
epoch: 64 |loss: 0.18808815437123963 |cls: 0.08902792692863878 |mse: 0.008482361661695074 |bi: 0.01549939161482436 |acc: 0.9745222929936306
training time(mins): 11.96314472357432
start training epoch: 65
epoch: 65 |loss: 0.16610445544581143 |cls: 0.07803951442185163 |mse: 0.008478159560108481 |bi: 0.015472664214583516 |acc: 0.9720725134737873
training time(mins): 12.287118971347809
testing epoch: 65 Acc:0.5711
start training epoch: 66
epoch: 66 |loss: 0.15028350186474315 |cls: 0.07012227374649463 |mse: 0.008491279786093193 |bi: 0.015476742900951563 |acc: 0.974032337089662
training time(mins): 11.842296278476715
start training epoch: 67
epoch: 67 |loss: 0.1668517530966572 |cls: 0.07839962349008436 |mse: 0.00850282038959582 |bi: 0.01549685663647122 |acc: 0.9804017638412543
training time(mins): 12.522676952679952
start training epoch: 68
epoch: 68 |loss: 0.12387909431947254 |cls: 0.056881069500654205 |mse: 0.008564236671908906 |bi: 0.01552717863140922 |acc: 0.979421852033317
training time(mins): 12.00575048526128
start training epoch: 69
epoch: 69 |loss: 0.17686242044887 |cls: 0.08342102233270096 |mse: 0.008474788752422607 |bi: 0.015455872490348523 |acc: 0.9686428221460068
training time(mins): 11.964280803998312
start training epoch: 70
epoch: 70 |loss: 0.15363793621896304 |cls: 0.07177915198987823 |mse: 0.008529099415203458 |bi: 0.015505316825202333 |acc: 0.9799118079372856
training time(mins): 12.014872606595357
testing epoch: 70 Acc:0.5948
start training epoch: 71
epoch: 71 |loss: 0.1242229088661615 |cls: 0.05709852381287366 |mse: 0.008477869361900446 |bi: 0.015479913580487345 |acc: 0.9818716315531603
training time(mins): 12.401780394713084
start training epoch: 72
epoch: 72 |loss: 0.15263110086082193 |cls: 0.07126849209406408 |mse: 0.008540471623602667 |bi: 0.015536455976727762 |acc: 0.9755022048015679
training time(mins): 11.878189758459728
start training epoch: 73
epoch: 73 |loss: 0.11331400648848704 |cls: 0.05165104350525809 |mse: 0.008465567419893648 |bi: 0.01546352298396547 |acc: 0.9818716315531603
training time(mins): 11.952564080556234
start training epoch: 74
epoch: 74 |loss: 0.14796450871930658 |cls: 0.06894283133629732 |mse: 0.00852898636299093 |bi: 0.015498604723497442 |acc: 0.9750122488975992
training time(mins): 12.198388210932414
start training epoch: 75
epoch: 75 |loss: 0.12844584633906683 |cls: 0.05918672332204524 |mse: 0.0085224941514476 |bi: 0.015499058718744078 |acc: 0.9838314551690348
training time(mins): 12.03986841837565
testing epoch: 75 Acc:0.6056
start training epoch: 76
epoch: 76 |loss: 0.17464092849312643 |cls: 0.08230074016931835 |mse: 0.0084909437011862 |bi: 0.015485036677043689 |acc: 0.9715825575698187
training time(mins): 12.168218278884888
start training epoch: 77
epoch: 77 |loss: 0.1523053665258731 |cls: 0.07112780528664535 |mse: 0.008501117093194472 |bi: 0.01548639114684703 |acc: 0.9755022048015679
training time(mins): 11.348311952749889
start training epoch: 78
epoch: 78 |loss: 0.19600472468011387 |cls: 0.09298039637049878 |mse: 0.00849727531132555 |bi: 0.01546654238076935 |acc: 0.9774620284174425
training time(mins): 11.198566881815593
start training epoch: 79
epoch: 79 |loss: 0.13449006595741414 |cls: 0.06223484133989741 |mse: 0.008473205520384754 |bi: 0.015471771288641363 |acc: 0.9784419402253797
training time(mins): 11.381759293874104
start training epoch: 80
epoch: 80 |loss: 0.12598758658710105 |cls: 0.05798038103847835 |mse: 0.008479812119853252 |bi: 0.01547011406275264 |acc: 0.9799118079372856
training time(mins): 11.20114470720291
testing epoch: 80 Acc:0.6099
start training epoch: 81
epoch: 81 |loss: 0.14037752196693803 |cls: 0.06517154351012966 |mse: 0.008486825553428012 |bi: 0.015476092167895788 |acc: 0.9769720725134737
training time(mins): 11.285383586088816
start training epoch: 82
epoch: 82 |loss: 0.12581089634056153 |cls: 0.0578786474921501 |mse: 0.00850432187220768 |bi: 0.01549280821536368 |acc: 0.9799118079372856
training time(mins): 11.471912570794423
start training epoch: 83
epoch: 83 |loss: 0.11487810333308421 |cls: 0.05241527511748112 |mse: 0.008498107668622369 |bi: 0.015494465381342765 |acc: 0.9823615874571289
training time(mins): 11.144781907399496
start training epoch: 84
epoch: 84 |loss: 0.16148993768320793 |cls: 0.07573610793612626 |mse: 0.008472081610105105 |bi: 0.015456417428427622 |acc: 0.9735423811856933
training time(mins): 11.189848454793294
start training epoch: 85
epoch: 85 |loss: 0.13363595840613746 |cls: 0.061801419336565265 |mse: 0.00848529907215757 |bi: 0.01547820339447748 |acc: 0.9799118079372856
training time(mins): 11.15061994791031
testing epoch: 85 Acc:0.6078
start training epoch: 86
epoch: 86 |loss: 0.14265057350350926 |cls: 0.06632290734710003 |mse: 0.008457944984411636 |bi: 0.015468146597519952 |acc: 0.9774620284174425
training time(mins): 11.333717727661133
start training epoch: 87
epoch: 87 |loss: 0.1304719767244587 |cls: 0.06019340131696646 |mse: 0.008534658414295368 |bi: 0.015505150336314711 |acc: 0.979421852033317
training time(mins): 11.397129074732463
start training epoch: 88
epoch: 88 |loss: 0.15097787494809306 |cls: 0.07046636713494081 |mse: 0.008496670038793345 |bi: 0.015484703704714775 |acc: 0.9750122488975992
training time(mins): 11.307941273848217
start training epoch: 89
epoch: 89 |loss: 0.1628506580934103 |cls: 0.07639718322859115 |mse: 0.008507300260863458 |bi: 0.015489909939511477 |acc: 0.9710926016658501
training time(mins): 11.21962186495463
start training epoch: 90
epoch: 90 |loss: 0.14936909344243376 |cls: 0.06967582265344008 |mse: 0.008470376418380622 |bi: 0.015470734563225891 |acc: 0.9804017638412543
training time(mins): 11.396601581573487
testing epoch: 90 Acc:0.5970
start training epoch: 91
epoch: 91 |loss: 0.1896225440462953 |cls: 0.08978054921002514 |mse: 0.00851226964017801 |bi: 0.01549177897320679 |acc: 0.9759921607055365
training time(mins): 11.49254314104716
start training epoch: 92
epoch: 92 |loss: 0.1357708416595968 |cls: 0.06286565792659701 |mse: 0.008490523764569508 |bi: 0.015490023435599971 |acc: 0.9779519843214111
training time(mins): 11.234618202845256
start training epoch: 93
epoch: 93 |loss: 0.13708362093859772 |cls: 0.06353298518282487 |mse: 0.008471006519373572 |bi: 0.015466436422402747 |acc: 0.9764821166095051
training time(mins): 11.439036361376445
start training epoch: 94
epoch: 94 |loss: 0.15476198013523343 |cls: 0.07234912498871801 |mse: 0.008511777215620927 |bi: 0.015519535637389847 |acc: 0.9784419402253797
training time(mins): 11.339220043023428
start training epoch: 95
epoch: 95 |loss: 0.11430602092622665 |cls: 0.05212975464642459 |mse: 0.008497837832883784 |bi: 0.015486739259975695 |acc: 0.9828515433610975
training time(mins): 11.295920713742573
testing epoch: 95 Acc:0.6056
start training epoch: 96
epoch: 96 |loss: 0.1589751338466392 |cls: 0.07445236026744796 |mse: 0.008521477275184895 |bi: 0.015489342382820378 |acc: 0.9769720725134737
training time(mins): 11.192049137751262
start training epoch: 97
epoch: 97 |loss: 0.13508455330037583 |cls: 0.06251373237825396 |mse: 0.008507067980299219 |bi: 0.015500208967479697 |acc: 0.9789318961293484
training time(mins): 11.369514723618826
start training epoch: 98
epoch: 98 |loss: 0.15573643375602034 |cls: 0.07284709185103842 |mse: 0.008496225055862675 |bi: 0.015460269095387027 |acc: 0.9813816756491915
training time(mins): 11.262568147977193
start training epoch: 99
epoch: 99 |loss: 0.12850325213668987 |cls: 0.05923830637494198 |mse: 0.008478648607940441 |bi: 0.015479906059104449 |acc: 0.9804017638412543
training time(mins): 11.307823582490284
start training epoch: 100
epoch: 100 |loss: 0.10749980637923492 |cls: 0.048708438739345314 |mse: 0.008532807282689545 |bi: 0.015501215384064014 |acc: 0.9843214110730034
training time(mins): 10.864434472719829
testing epoch: 100 Acc:0.6056
done
